# JRE version: 7.0_15-b03
# Java VM: Java HotSpot(TM) Client VM (23.7-b01 mixed mode, sharing windows-x86 )
Heap
 def new generation   total 4928K, used 3457K [0x24560000, 0x24ab0000, 0x29ab0000)
  eden space 4416K,  75% used [0x24560000, 0x248a6058, 0x249b0000)
  from space 512K,  20% used [0x24a30000, 0x24a4a5c8, 0x24ab0000)
  to   space 512K,   0% used [0x249b0000, 0x249b0000, 0x24a30000)
 tenured generation   total 10944K, used 964K [0x29ab0000, 0x2a560000, 0x34560000)
   the space 10944K,   8% used [0x29ab0000, 0x29ba11d0, 0x29ba1200, 0x2a560000)
 compacting perm gen  total 12288K, used 1475K [0x34560000, 0x35160000, 0x38560000)
   the space 12288K,  12% used [0x34560000, 0x346d0c48, 0x346d0e00, 0x35160000)
    ro space 10240K,  42% used [0x38560000, 0x389a1c28, 0x389a1e00, 0x38f60000)
    rw space 12288K,  54% used [0x38f60000, 0x395e2938, 0x395e2a00, 0x39b60000)
GC Heap History (10 events):
Event: 42.379 GC heap before
{Heap before GC invocations=0 (full 0):
 def new generation   total 4928K, used 4416K [0x24560000, 0x24ab0000, 0x29ab0000)
  eden space 4416K, 100% used [0x24560000, 0x249b0000, 0x249b0000)
  from space 512K,   0% used [0x249b0000, 0x249b0000, 0x24a30000)
  to   space 512K,   0% used [0x24a30000, 0x24a30000, 0x24ab0000)
 tenured generation   total 10944K, used 0K [0x29ab0000, 0x2a560000, 0x34560000)
   the space 10944K,   0% used [0x29ab0000, 0x29ab0000, 0x29ab0200, 0x2a560000)
 compacting perm gen  total 12288K, used 1456K [0x34560000, 0x35160000, 0x38560000)
   the space 12288K,  11% used [0x34560000, 0x346cc3d8, 0x346cc400, 0x35160000)
    ro space 10240K,  42% used [0x38560000, 0x389a1c28, 0x389a1e00, 0x38f60000)
    rw space 12288K,  54% used [0x38f60000, 0x395e2938, 0x395e2a00, 0x39b60000)
Event: 42.387 GC heap after
Heap after GC invocations=1 (full 0):
 def new generation   total 4928K, used 512K [0x24560000, 0x24ab0000, 0x29ab0000)
  eden space 4416K,   0% used [0x24560000, 0x24560000, 0x249b0000)
  from space 512K, 100% used [0x24a30000, 0x24ab0000, 0x24ab0000)
  to   space 512K,   0% used [0x249b0000, 0x249b0000, 0x24a30000)
 tenured generation   total 10944K, used 460K [0x29ab0000, 0x2a560000, 0x34560000)
   the space 10944K,   4% used [0x29ab0000, 0x29b231a0, 0x29b23200, 0x2a560000)
 compacting perm gen  total 12288K, used 1456K [0x34560000, 0x35160000, 0x38560000)
   the space 12288K,  11% used [0x34560000, 0x346cc3d8, 0x346cc400, 0x35160000)
    ro space 10240K,  42% used [0x38560000, 0x389a1c28, 0x389a1e00, 0x38f60000)
    rw space 12288K,  54% used [0x38f60000, 0x395e2938, 0x395e2a00, 0x39b60000)
}
Event: 94.031 GC heap before
{Heap before GC invocations=1 (full 0):
 def new generation   total 4928K, used 4928K [0x24560000, 0x24ab0000, 0x29ab0000)
  eden space 4416K, 100% used [0x24560000, 0x249b0000, 0x249b0000)
  from space 512K, 100% used [0x24a30000, 0x24ab0000, 0x24ab0000)
  to   space 512K,   0% used [0x249b0000, 0x249b0000, 0x24a30000)
 tenured generation   total 10944K, used 460K [0x29ab0000, 0x2a560000, 0x34560000)
   the space 10944K,   4% used [0x29ab0000, 0x29b231a0, 0x29b23200, 0x2a560000)
 compacting perm gen  total 12288K, used 1458K [0x34560000, 0x35160000, 0x38560000)
   the space 12288K,  11% used [0x34560000, 0x346cc868, 0x346cca00, 0x35160000)
    ro space 10240K,  42% used [0x38560000, 0x389a1c28, 0x389a1e00, 0x38f60000)
    rw space 12288K,  54% used [0x38f60000, 0x395e2938, 0x395e2a00, 0x39b60000)
Event: 94.041 GC heap after
Heap after GC invocations=2 (full 0):
 def new generation   total 4928K, used 58K [0x24560000, 0x24ab0000, 0x29ab0000)
  eden space 4416K,   0% used [0x24560000, 0x24560000, 0x249b0000)
  from space 512K,  11% used [0x249b0000, 0x249beb90, 0x24a30000)
  to   space 512K,   0% used [0x24a30000, 0x24a30000, 0x24ab0000)
 tenured generation   total 10944K, used 964K [0x29ab0000, 0x2a560000, 0x34560000)
   the space 10944K,   8% used [0x29ab0000, 0x29ba11d0, 0x29ba1200, 0x2a560000)
 compacting perm gen  total 12288K, used 1458K [0x34560000, 0x35160000, 0x38560000)
   the space 12288K,  11% used [0x34560000, 0x346cc868, 0x346cca00, 0x35160000)
    ro space 10240K,  42% used [0x38560000, 0x389a1c28, 0x389a1e00, 0x38f60000)
    rw space 12288K,  54% used [0x38f60000, 0x395e2938, 0x395e2a00, 0x39b60000)
}
Event: 121.468 GC heap before
{Heap before GC invocations=2 (full 0):
 def new generation   total 4928K, used 4473K [0x24560000, 0x24ab0000, 0x29ab0000)
  eden space 4416K,  99% used [0x24560000, 0x249afb98, 0x249b0000)
  from space 512K,  11% used [0x249b0000, 0x249beb90, 0x24a30000)
  to   space 512K,   0% used [0x24a30000, 0x24a30000, 0x24ab0000)
 tenured generation   total 10944K, used 964K [0x29ab0000, 0x2a560000, 0x34560000)
   the space 10944K,   8% used [0x29ab0000, 0x29ba11d0, 0x29ba1200, 0x2a560000)
 compacting perm gen  total 12288K, used 1458K [0x34560000, 0x35160000, 0x38560000)
   the space 12288K,  11% used [0x34560000, 0x346ccac8, 0x346ccc00, 0x35160000)
    ro space 10240K,  42% used [0x38560000, 0x389a1c28, 0x389a1e00, 0x38f60000)
    rw space 12288K,  54% used [0x38f60000, 0x395e2938, 0x395e2a00, 0x39b60000)
Event: 121.472 GC heap after
Heap after GC invocations=3 (full 0):
 def new generation   total 4928K, used 56K [0x24560000, 0x24ab0000, 0x29ab0000)
  eden space 4416K,   0% used [0x24560000, 0x24560000, 0x249b0000)
  from space 512K,  11% used [0x24a30000, 0x24a3e170, 0x24ab0000)
  to   space 512K,   0% used [0x249b0000, 0x249b0000, 0x24a30000)
 tenured generation   total 10944K, used 964K [0x29ab0000, 0x2a560000, 0x34560000)
   the space 10944K,   8% used [0x29ab0000, 0x29ba11d0, 0x29ba1200, 0x2a560000)
 compacting perm gen  total 12288K, used 1458K [0x34560000, 0x35160000, 0x38560000)
   the space 12288K,  11% used [0x34560000, 0x346ccac8, 0x346ccc00, 0x35160000)
    ro space 10240K,  42% used [0x38560000, 0x389a1c28, 0x389a1e00, 0x38f60000)
    rw space 12288K,  54% used [0x38f60000, 0x395e2938, 0x395e2a00, 0x39b60000)
}
Event: 177.048 GC heap before
{Heap before GC invocations=3 (full 0):
 def new generation   total 4928K, used 4472K [0x24560000, 0x24ab0000, 0x29ab0000)
  eden space 4416K, 100% used [0x24560000, 0x249b0000, 0x249b0000)
  from space 512K,  11% used [0x24a30000, 0x24a3e170, 0x24ab0000)
  to   space 512K,   0% used [0x249b0000, 0x249b0000, 0x24a30000)
 tenured generation   total 10944K, used 964K [0x29ab0000, 0x2a560000, 0x34560000)
   the space 10944K,   8% used [0x29ab0000, 0x29ba11d0, 0x29ba1200, 0x2a560000)
 compacting perm gen  total 12288K, used 1458K [0x34560000, 0x35160000, 0x38560000)
   the space 12288K,  11% used [0x34560000, 0x346ccba8, 0x346ccc00, 0x35160000)
    ro space 10240K,  42% used [0x38560000, 0x389a1c28, 0x389a1e00, 0x38f60000)
    rw space 12288K,  54% used [0x38f60000, 0x395e2938, 0x395e2a00, 0x39b60000)
Event: 177.050 GC heap after
Heap after GC invocations=4 (full 0):
 def new generation   total 4928K, used 95K [0x24560000, 0x24ab0000, 0x29ab0000)
  eden space 4416K,   0% used [0x24560000, 0x24560000, 0x249b0000)
  from space 512K,  18% used [0x249b0000, 0x249c7ef8, 0x24a30000)
  to   space 512K,   0% used [0x24a30000, 0x24a30000, 0x24ab0000)
 tenured generation   total 10944K, used 964K [0x29ab0000, 0x2a560000, 0x34560000)
   the space 10944K,   8% used [0x29ab0000, 0x29ba11d0, 0x29ba1200, 0x2a560000)
 compacting perm gen  total 12288K, used 1458K [0x34560000, 0x35160000, 0x38560000)
   the space 12288K,  11% used [0x34560000, 0x346ccba8, 0x346ccc00, 0x35160000)
    ro space 10240K,  42% used [0x38560000, 0x389a1c28, 0x389a1e00, 0x38f60000)
    rw space 12288K,  54% used [0x38f60000, 0x395e2938, 0x395e2a00, 0x39b60000)
}
Event: 205.698 GC heap before
{Heap before GC invocations=4 (full 0):
 def new generation   total 4928K, used 4511K [0x24560000, 0x24ab0000, 0x29ab0000)
  eden space 4416K, 100% used [0x24560000, 0x249b0000, 0x249b0000)
  from space 512K,  18% used [0x249b0000, 0x249c7ef8, 0x24a30000)
  to   space 512K,   0% used [0x24a30000, 0x24a30000, 0x24ab0000)
 tenured generation   total 10944K, used 964K [0x29ab0000, 0x2a560000, 0x34560000)
   the space 10944K,   8% used [0x29ab0000, 0x29ba11d0, 0x29ba1200, 0x2a560000)
 compacting perm gen  total 12288K, used 1459K [0x34560000, 0x35160000, 0x38560000)
   the space 12288K,  11% used [0x34560000, 0x346ccc18, 0x346cce00, 0x35160000)
    ro space 10240K,  42% used [0x38560000, 0x389a1c28, 0x389a1e00, 0x38f60000)
    rw space 12288K,  54% used [0x38f60000, 0x395e2938, 0x395e2a00, 0x39b60000)
Event: 205.702 GC heap after
Heap after GC invocations=5 (full 0):
 def new generation   total 4928K, used 105K [0x24560000, 0x24ab0000, 0x29ab0000)
  eden space 4416K,   0% used [0x24560000, 0x24560000, 0x249b0000)
  from space 512K,  20% used [0x24a30000, 0x24a4a5c8, 0x24ab0000)
  to   space 512K,   0% used [0x249b0000, 0x249b0000, 0x24a30000)
 tenured generation   total 10944K, used 964K [0x29ab0000, 0x2a560000, 0x34560000)
   the space 10944K,   8% used [0x29ab0000, 0x29ba11d0, 0x29ba1200, 0x2a560000)
 compacting perm gen  total 12288K, used 1459K [0x34560000, 0x35160000, 0x38560000)
   the space 12288K,  11% used [0x34560000, 0x346ccc18, 0x346cce00, 0x35160000)
    ro space 10240K,  42% used [0x38560000, 0x389a1c28, 0x389a1e00, 0x38f60000)
    rw space 12288K,  54% used [0x38f60000, 0x395e2938, 0x395e2a00, 0x39b60000)
}

